15.05.2023 23:39:51.602 [main] INFO   server - Server app launched
15.05.2023 23:39:51.628 [main] ERROR  server - Fatal error: ~/.pgpass (No such file or directory)
java.io.FileNotFoundException: ~/.pgpass (No such file or directory)
	at java.base/java.io.FileInputStream.open0(Native Method)
	at java.base/java.io.FileInputStream.open(FileInputStream.java:216)
	at java.base/java.io.FileInputStream.<init>(FileInputStream.java:157)
	at java.base/java.io.FileInputStream.<init>(FileInputStream.java:111)
	at java.base/java.io.FileReader.<init>(FileReader.java:60)
	at server.collection.Database.<init>(Database.java:16)
	at server.collection.PostgresDatabase.<init>(PostgresDatabase.java:11)
	at server.Main.main(Main.java:29)
15.05.2023 23:42:01.530 [main] INFO   server - Server app launched
15.05.2023 23:42:01.553 [main] ERROR  server - Fatal error: ~/.pgpass (No such file or directory)
java.io.FileNotFoundException: ~/.pgpass (No such file or directory)
	at java.base/java.io.FileInputStream.open0(Native Method)
	at java.base/java.io.FileInputStream.open(FileInputStream.java:216)
	at java.base/java.io.FileInputStream.<init>(FileInputStream.java:157)
	at java.base/java.io.FileInputStream.<init>(FileInputStream.java:111)
	at java.base/java.io.FileReader.<init>(FileReader.java:60)
	at server.collection.Database.<init>(Database.java:16)
	at server.collection.PostgresDatabase.<init>(PostgresDatabase.java:11)
	at server.Main.main(Main.java:29)
15.05.2023 23:42:30.852 [main] INFO   server - Server app launched
15.05.2023 23:42:30.871 [main] ERROR  server - Fatal error: ~/.pgpass (No such file or directory)
java.io.FileNotFoundException: ~/.pgpass (No such file or directory)
	at java.base/java.io.FileInputStream.open0(Native Method)
	at java.base/java.io.FileInputStream.open(FileInputStream.java:216)
	at java.base/java.io.FileInputStream.<init>(FileInputStream.java:157)
	at java.base/java.io.FileInputStream.<init>(FileInputStream.java:111)
	at java.base/java.io.FileReader.<init>(FileReader.java:60)
	at server.collection.Database.<init>(Database.java:16)
	at server.collection.PostgresDatabase.<init>(PostgresDatabase.java:11)
	at server.Main.main(Main.java:29)
15.05.2023 23:46:36.923 [main] INFO   server - Server app launched
15.05.2023 23:46:36.946 [main] ERROR  server - Fatal error: ~/.pgpass (No such file or directory)
java.io.FileNotFoundException: ~/.pgpass (No such file or directory)
	at java.base/java.io.FileInputStream.open0(Native Method)
	at java.base/java.io.FileInputStream.open(FileInputStream.java:216)
	at java.base/java.io.FileInputStream.<init>(FileInputStream.java:157)
	at java.base/java.io.FileInputStream.<init>(FileInputStream.java:111)
	at java.base/java.io.FileReader.<init>(FileReader.java:60)
	at server.collection.Database.<init>(Database.java:16)
	at server.collection.PostgresDatabase.<init>(PostgresDatabase.java:11)
	at server.Main.main(Main.java:29)
15.05.2023 23:46:42.828 [main] INFO   server - Server app launched
15.05.2023 23:46:42.848 [main] ERROR  server - Fatal error: No suitable driver found for jdbc:postgresql://pg:5432/studs
java.sql.SQLException: No suitable driver found for jdbc:postgresql://pg:5432/studs
	at java.sql/java.sql.DriverManager.getConnection(DriverManager.java:708)
	at java.sql/java.sql.DriverManager.getConnection(DriverManager.java:230)
	at server.collection.DatabaseConnection.<init>(DatabaseConnection.java:14)
	at server.collection.PostgresConnection.<init>(PostgresConnection.java:10)
	at server.collection.PostgresDatabase.createConnection(PostgresDatabase.java:16)
	at server.collection.PostgresDatabase.createConnection(PostgresDatabase.java:7)
	at server.Main.main(Main.java:30)
15.05.2023 23:47:02.596 [main] INFO   server - Server app launched
15.05.2023 23:47:02.618 [main] ERROR  server - Fatal error: No suitable driver found for jdbc:postgresql://pg:5432/studs
java.sql.SQLException: No suitable driver found for jdbc:postgresql://pg:5432/studs
	at java.sql/java.sql.DriverManager.getConnection(DriverManager.java:708)
	at java.sql/java.sql.DriverManager.getConnection(DriverManager.java:230)
	at server.collection.DatabaseConnection.<init>(DatabaseConnection.java:14)
	at server.collection.PostgresConnection.<init>(PostgresConnection.java:10)
	at server.collection.PostgresDatabase.createConnection(PostgresDatabase.java:16)
	at server.collection.PostgresDatabase.createConnection(PostgresDatabase.java:7)
	at server.Main.main(Main.java:30)
15.05.2023 23:58:21.716 [main] INFO   server - Server app launched
15.05.2023 23:58:21.746 [main] ERROR  server - Fatal error: No suitable driver found for jdbc:postgresql://postgresql:5432/studs
java.sql.SQLException: No suitable driver found for jdbc:postgresql://postgresql:5432/studs
	at java.sql/java.sql.DriverManager.getConnection(DriverManager.java:708)
	at java.sql/java.sql.DriverManager.getConnection(DriverManager.java:230)
	at server.collection.DatabaseConnection.<init>(DatabaseConnection.java:17)
	at server.collection.PostgresConnection.<init>(PostgresConnection.java:11)
	at server.collection.PostgresDatabase.createConnection(PostgresDatabase.java:16)
	at server.collection.PostgresDatabase.createConnection(PostgresDatabase.java:7)
	at server.Main.main(Main.java:30)
